\BOOKMARK [1][-]{section.1}{\376\377\0001\000\040\152\041\147\177\116\313\176\315}{}% 1
\BOOKMARK [1][-]{section.2}{\376\377\0002\000\040\133\211\210\305}{}% 2
\BOOKMARK [2][-]{subsection.2.1}{\376\377\0002\000.\0001\000\040\000T\000h\000u\000T\000h\000e\000s\000i\000s\116\013\217\175}{section.2}% 3
\BOOKMARK [2][-]{subsection.2.2}{\376\377\0002\000.\0002\000\040\000U\000C\000A\000S\000T\000h\000e\000s\000i\000s\116\013\217\175}{section.2}% 4
\BOOKMARK [2][-]{subsection.2.3}{\376\377\0002\000.\0003\000\040\152\041\147\177\166\204\176\304\142\020\220\350\122\006}{section.2}% 5
\BOOKMARK [2][-]{subsection.2.4}{\376\377\0002\000.\0004\000\040\121\306\131\007\135\345\117\134}{section.2}% 6
\BOOKMARK [2][-]{subsection.2.5}{\376\377\0002\000.\0005\000\040\137\000\131\313\133\211\210\305}{section.2}% 7
\BOOKMARK [3][-]{subsubsection.2.5.1}{\376\377\0002\000.\0005\000.\0001\000\040\165\037\142\020\152\041\147\177}{subsection.2.5}% 8
\BOOKMARK [3][-]{subsubsection.2.5.2}{\376\377\0002\000.\0005\000.\0002\000\040\000d\000v\000i\000p\000s\000p\000d\000f}{subsection.2.5}% 9
\BOOKMARK [3][-]{subsubsection.2.5.3}{\376\377\0002\000.\0005\000.\0003\000\040\000d\000v\000i\000p\000d\000f\000m\000\050\000x\000\051}{subsection.2.5}% 10
\BOOKMARK [3][-]{subsubsection.2.5.4}{\376\377\0002\000.\0005\000.\0004\000\040\000p\000d\000f\000l\000a\000t\000e\000x}{subsection.2.5}% 11
\BOOKMARK [3][-]{subsubsection.2.5.5}{\376\377\0002\000.\0005\000.\0005\000\040\000x\000e\000l\000a\000t\000e\000x}{subsection.2.5}% 12
\BOOKMARK [3][-]{subsubsection.2.5.6}{\376\377\0002\000.\0005\000.\0006\000\040\201\352\122\250\123\026\217\307\172\013}{subsection.2.5}% 13
\BOOKMARK [2][-]{subsection.2.6}{\376\377\0002\000.\0006\000\040\123\107\176\247}{section.2}% 14
\BOOKMARK [1][-]{section.3}{\376\377\0003\000\040\117\177\165\050\213\364\146\016}{}% 15
\BOOKMARK [2][-]{subsection.3.1}{\376\377\0003\000.\0001\000\040\121\163\116\216\143\320\225\356}{section.3}% 16
\BOOKMARK [2][-]{subsection.3.2}{\376\377\0003\000.\0002\000\040\000u\000c\000a\000s\000T\000h\000e\000s\000i\000s\000\040\117\177\165\050\124\021\133\374}{section.3}% 17
\BOOKMARK [2][-]{subsection.3.3}{\376\377\0003\000.\0003\000\040\000u\000c\000a\000s\000T\000h\000e\000s\000i\000s\000\040\171\072\117\213\145\207\116\366}{section.3}% 18
\BOOKMARK [2][-]{subsection.3.4}{\376\377\0003\000.\0004\000\040\220\011\230\171}{section.3}% 19
\BOOKMARK [2][-]{subsection.3.5}{\376\377\0003\000.\0005\000\040\133\127\117\123\221\115\177\156}{section.3}% 20
\BOOKMARK [2][-]{subsection.3.6}{\376\377\0003\000.\0006\000\040\124\175\116\344}{section.3}% 21
\BOOKMARK [3][-]{subsubsection.3.6.1}{\376\377\0003\000.\0006\000.\0001\000\040\127\372\147\054\143\247\122\066\124\175\116\344}{subsection.3.6}% 22
\BOOKMARK [3][-]{subsubsection.3.6.2}{\376\377\0003\000.\0006\000.\0002\000\040\134\001\227\142\124\175\116\344}{subsection.3.6}% 23
\BOOKMARK [3][-]{subsubsection.3.6.3}{\376\377\0003\000.\0006\000.\0003\000\040\121\166\133\203\220\350\122\006}{subsection.3.6}% 24
\BOOKMARK [2][-]{subsection.3.7}{\376\377\0003\000.\0007\000\040\145\160\133\146\163\257\130\203}{section.3}% 25
\BOOKMARK [2][-]{subsection.3.8}{\376\377\0003\000.\0008\000\040\201\352\133\232\116\111\116\345\123\312\121\166\133\203}{section.3}% 26
\BOOKMARK [1][-]{section.4}{\376\377\0004\000\040\000T\000h\000u\000T\000h\000e\000s\000i\000s\201\364\214\042}{}% 27
\BOOKMARK [1][-]{section.5}{\376\377\0005\000\040\000U\000C\000A\000S\000T\000h\000e\000s\000i\000s\201\364\214\042}{}% 28
\BOOKMARK [1][-]{section.6}{\376\377\0006\000\040\133\236\163\260\176\306\202\202}{}% 29
\BOOKMARK [2][-]{subsection.6.1}{\376\377\0006\000.\0001\000\040\127\372\147\054\117\341\140\157}{section.6}% 30
\BOOKMARK [2][-]{subsection.6.2}{\376\377\0006\000.\0002\000\040\133\232\116\111\220\011\230\171}{section.6}% 31
\BOOKMARK [2][-]{subsection.6.3}{\376\377\0006\000.\0003\000\040\210\305\217\175\133\217\123\005}{section.6}% 32
\BOOKMARK [2][-]{subsection.6.4}{\376\377\0006\000.\0004\000\040\116\073\145\207\150\143\150\074\137\017}{section.6}% 33
\BOOKMARK [3][-]{subsubsection.6.4.1}{\376\377\0006\000.\0004\000.\0001\000\040\000T\000h\000r\000e\000e\000\040\000m\000a\000t\000t\000e\000r\000s}{subsection.6.4}% 34
\BOOKMARK [3][-]{subsubsection.6.4.2}{\376\377\0006\000.\0004\000.\0002\000\040\133\127\117\123}{subsection.6.4}% 35
\BOOKMARK [3][-]{subsubsection.6.4.3}{\376\377\0006\000.\0004\000.\0003\000\040\230\165\227\142\213\276\177\156}{subsection.6.4}% 36
\BOOKMARK [3][-]{subsubsection.6.4.4}{\376\377\0006\000.\0004\000.\0004\000\040\230\165\167\011\230\165\201\032}{subsection.6.4}% 37
\BOOKMARK [3][-]{subsubsection.6.4.5}{\376\377\0006\000.\0004\000.\0005\000\040\153\265\204\075}{subsection.6.4}% 38
\BOOKMARK [3][-]{subsubsection.6.4.6}{\376\377\0006\000.\0004\000.\0006\000\040\201\032\154\350}{subsection.6.4}% 39
\BOOKMARK [3][-]{subsubsection.6.4.7}{\376\377\0006\000.\0004\000.\0007\000\040\145\160\133\146\166\370\121\163}{subsection.6.4}% 40
\BOOKMARK [3][-]{subsubsection.6.4.8}{\376\377\0006\000.\0004\000.\0008\000\040\155\156\122\250\133\371\214\141\116\345\123\312\210\150\150\074}{subsection.6.4}% 41
\BOOKMARK [3][-]{subsubsection.6.4.9}{\376\377\0006\000.\0004\000.\0009\000\040\116\055\145\207\150\007\230\230\133\232\116\111}{subsection.6.4}% 42
\BOOKMARK [3][-]{subsubsection.6.4.10}{\376\377\0006\000.\0004\000.\0001\0000\000\040\172\340\202\202\150\007\230\230}{subsection.6.4}% 43
\BOOKMARK [3][-]{subsubsection.6.4.11}{\376\377\0006\000.\0004\000.\0001\0001\000\040\166\356\137\125\150\074\137\017}{subsection.6.4}% 44
\BOOKMARK [3][-]{subsubsection.6.4.12}{\376\377\0006\000.\0004\000.\0001\0002\000\040\134\001\227\142\124\214\134\001\136\225}{subsection.6.4}% 45
\BOOKMARK [3][-]{subsubsection.6.4.13}{\376\377\0006\000.\0004\000.\0001\0003\000\040\201\364\214\042\116\345\123\312\130\360\146\016}{subsection.6.4}% 46
\BOOKMARK [3][-]{subsubsection.6.4.14}{\376\377\0006\000.\0004\000.\0001\0004\000\040\144\130\211\201\150\074\137\017}{subsection.6.4}% 47
\BOOKMARK [3][-]{subsubsection.6.4.15}{\376\377\0006\000.\0004\000.\0001\0005\000\040\116\073\211\201\173\046\123\367\210\150}{subsection.6.4}% 48
\BOOKMARK [3][-]{subsubsection.6.4.16}{\376\377\0006\000.\0004\000.\0001\0006\000\040\175\042\137\025\220\350\122\006}{subsection.6.4}% 49
\BOOKMARK [3][-]{subsubsection.6.4.17}{\376\377\0006\000.\0004\000.\0001\0007\000\040\123\302\200\003\145\207\163\056}{subsection.6.4}% 50
\BOOKMARK [3][-]{subsubsection.6.4.18}{\376\377\0006\000.\0004\000.\0001\0008\000\040\226\104\137\125}{subsection.6.4}% 51
\BOOKMARK [3][-]{subsubsection.6.4.19}{\376\377\0006\000.\0004\000.\0001\0009\000\040\116\052\116\272\173\200\123\206}{subsection.6.4}% 52
\BOOKMARK [3][-]{subsubsection.6.4.20}{\376\377\0006\000.\0004\000.\0002\0000\000\040\116\146\201\012}{subsection.6.4}% 53
\BOOKMARK [3][-]{subsubsection.6.4.21}{\376\377\0006\000.\0004\000.\0002\0001\000\040\175\042\137\025}{subsection.6.4}% 54
\BOOKMARK [3][-]{subsubsection.6.4.22}{\376\377\0006\000.\0004\000.\0002\0002\000\040\201\352\133\232\116\111\124\175\116\344\124\214\163\257\130\203}{subsection.6.4}% 55
\BOOKMARK [3][-]{subsubsection.6.4.23}{\376\377\0006\000.\0004\000.\0002\0003\000\040\121\166\133\203}{subsection.6.4}% 56
\BOOKMARK [1][-]{section*.2}{\376\377\117\356\145\071\213\260\137\125}{}% 57
\BOOKMARK [1][-]{section*.3}{\376\377\175\042\000\040\000\040\000\040\000\040\137\025}{}% 58
